<?xml version="1.0" encoding="UTF-8"?>
<!-- Generated by org.testng.reporters.JUnitReportReporter -->
<testsuite hostname="DESKTOP-JPRO54Q" failures="0" tests="4" name="WeatherApiTest" time="3.955" errors="0" timestamp="2024-12-24T10:08:42 COT" skipped="0">
  <testcase classname="WeatherApiTest" name="testGetWeatherByCityName" time="0.347"/>
  <system-out/>
  <testcase classname="WeatherApiTest" name="testErrorHandlingForInvalidCityName" time="3.044"/>
  <system-out/>
  <testcase classname="WeatherApiTest" name="testErrorHandlingForInvalidCoordinates" time="0.223"/>
  <system-out/>
  <testcase classname="WeatherApiTest" name="testGetWeatherByCoordinates" time="0.341"/>
  <system-out/>
</testsuite> <!-- WeatherApiTest -->
